19:23:18 [0m[34m[INFO] [0mCreating path to wallet database: darkfid1
19:23:18 [0m[34m[INFO] [0mOpened wallet Sqlite connection at path sqlite://darkfid1/wallet.db
19:23:18 [0m[34m[INFO] [0mInitializing ValidatorState
19:23:18 [0m[34m[INFO] [0mInitializing wallet tables for consensus
19:23:18 [0m[34m[INFO] [0mGenerating leader proof keys with k: 13
19:23:28 [0m[34m[INFO] [0mDeploying native wasm contracts
19:23:28 [0m[34m[INFO] [0mDeploying Money Contract with ContractID 7C7dBRiLHM3d22hJ9BAp3ZC2mR5AR9J3soYLgp99m4JT
19:23:28 [0m[34m[INFO] [0mInstantiating a new runtime
19:23:28 [0m[34m[INFO] [0m[wasm-runtime] Running deploy
19:23:28 [0m[31m[ERROR] [0mFailed to lookup db: Contract 7C7dBRiLHM3d22hJ9BAp3ZC2mR5AR9J3soYLgp99m4JT not found in database
19:23:28 [0m[31m[ERROR] [0mFailed to lookup db: Contract state tree not found
19:23:28 [0m[31m[ERROR] [0mFailed to lookup db: Contract state tree not found
19:23:28 [0m[31m[ERROR] [0mFailed to lookup db: Contract state tree not found
19:23:28 [0m[34m[INFO] [0mSuccessfully deployed Money Contract
19:23:28 [0m[34m[INFO] [0mCreating ZK verifying keys for Money Contract zkas circuits
19:23:28 [0m[34m[INFO] [0mCreating VerifyingKey for zkas circuit with namespace Burn
19:23:33 [0m[34m[INFO] [0mCreating VerifyingKey for zkas circuit with namespace Mint
19:23:38 [0m[34m[INFO] [0mFinished creating VerifyingKey objects for Money Contract (ContractID: 7C7dBRiLHM3d22hJ9BAp3ZC2mR5AR9J3soYLgp99m4JT)
19:23:38 [0m[34m[INFO] [0mFinished deployment of native wasm contracts
19:23:38 [0m[34m[INFO] [0mRegistering block sync P2P protocols...
19:23:38 [0m[34m[INFO] [0mRegistering consensus P2P protocols...
19:23:38 [0m[34m[INFO] [0mStarting JSON-RPC server
19:23:38 [0m[34m[INFO] [0mStarting sync P2P network
19:23:38 [0m[33m[WARN] [0mSkipping seed sync process since no seeds are configured.
19:23:38 [0m[34m[INFO] [0mWaiting for sync P2P outbound connections
19:23:38 [0m[34m[INFO] [0mJSON-RPC listener bound to tcp://127.0.0.1:8440
19:23:38 [0m[34m[INFO] [0m#0 starting inbound session on tcp://127.0.0.1:8442
19:23:38 [0m[34m[INFO] [0mConnecting to manual outbound [tcp://127.0.0.1:8342]
19:23:38 [0m[34m[INFO] [0mStarting 8 outbound connection slots.
19:23:38 [0m[34m[INFO] [0mConnected to manual outbound [tcp://127.0.0.1:8342]
19:23:38 [0m[34m[INFO] [0mStarting blockchain sync...
19:23:38 [0m[34m[INFO] [0mLast known block: 0 - Hash("e1f321a628ca841081291e4ff80fc16408a2828ee75925d3c2582da2f3b4f7a7")
19:23:38 [0m[34m[INFO] [0mLast received block: 0 - Hash("e1f321a628ca841081291e4ff80fc16408a2828ee75925d3c2582da2f3b4f7a7")
19:23:38 [0m[34m[INFO] [0mBlockchain synced!
19:23:38 [0m[34m[INFO] [0mStarting consensus P2P network
19:23:38 [0m[33m[WARN] [0mSkipping seed sync process since no seeds are configured.
19:23:38 [0m[34m[INFO] [0mWaiting for consensus P2P outbound connections
19:23:38 [0m[34m[INFO] [0m#0 starting inbound session on tcp://127.0.0.1:8441
19:23:38 [0m[34m[INFO] [0mStarting 8 outbound connection slots.
19:23:38 [0m[34m[INFO] [0mConnecting to manual outbound [tcp://127.0.0.1:8341]
19:23:38 [0m[34m[INFO] [0mConnected to manual outbound [tcp://127.0.0.1:8341]
19:23:38 [0m[34m[INFO] [0mStarting consensus protocol task
19:23:38 [0m[34m[INFO] [0mconsensus: Waiting for next epoch (91s sec)
19:23:45 [0m[34m[INFO] [0m#0 connected inbound [tcp://127.0.0.1:58214]
19:23:45 [0m[34m[INFO] [0m#0 connected inbound [tcp://127.0.0.1:45608]
19:23:47 [0m[34m[INFO] [0m#0 connected inbound [tcp://127.0.0.1:58216]
19:23:47 [0m[34m[INFO] [0m#0 connected inbound [tcp://127.0.0.1:45610]
19:23:49 [0m[34m[INFO] [0m#0 connected inbound [tcp://127.0.0.1:58220]
19:23:49 [0m[34m[INFO] [0m#0 connected inbound [tcp://127.0.0.1:45612]
19:23:52 [0m[34m[INFO] [0m#0 connected inbound [tcp://127.0.0.1:58226]
19:23:52 [0m[34m[INFO] [0m#0 connected inbound [tcp://127.0.0.1:45614]
19:23:58 [0m[34m[INFO] [0m#0 processing outbound [tcp://127.0.0.1:8542]
19:23:58 [0m[34m[INFO] [0m#4 processing outbound [tcp://127.0.0.1:8642]
19:23:58 [0m[34m[INFO] [0m#0 connecting to outbound [tcp://127.0.0.1:8542]
19:23:58 [0m[34m[INFO] [0m#1 processing outbound [tcp://127.0.0.1:8742]
19:23:58 [0m[34m[INFO] [0m#1 connecting to outbound [tcp://127.0.0.1:8742]
19:23:58 [0m[34m[INFO] [0m#4 connecting to outbound [tcp://127.0.0.1:8642]
19:23:58 [0m[34m[INFO] [0m#1 connected to outbound [tcp://127.0.0.1:8742]
19:23:58 [0m[34m[INFO] [0m#0 connected to outbound [tcp://127.0.0.1:8542]
19:23:58 [0m[34m[INFO] [0m#4 connected to outbound [tcp://127.0.0.1:8642]
19:23:58 [0m[34m[INFO] [0m#2 processing outbound [tcp://127.0.0.1:8741]
19:23:58 [0m[34m[INFO] [0m#0 processing outbound [tcp://127.0.0.1:8541]
19:23:58 [0m[34m[INFO] [0m#2 connecting to outbound [tcp://127.0.0.1:8741]
19:23:58 [0m[34m[INFO] [0m#1 processing outbound [tcp://127.0.0.1:8641]
19:23:58 [0m[34m[INFO] [0m#0 connecting to outbound [tcp://127.0.0.1:8541]
19:23:58 [0m[34m[INFO] [0m#1 connecting to outbound [tcp://127.0.0.1:8641]
19:23:58 [0m[34m[INFO] [0m#0 connected to outbound [tcp://127.0.0.1:8541]
19:23:58 [0m[34m[INFO] [0m#1 connected to outbound [tcp://127.0.0.1:8641]
19:23:58 [0m[34m[INFO] [0m#2 connected to outbound [tcp://127.0.0.1:8741]
19:25:09 [0m[34m[INFO] [0mStarting consensus state sync...
19:25:09 [0m[33m[WARN] [0mRetrieved consensus state from a new node, retrying...
19:25:09 [0m[33m[WARN] [0mRetrieved consensus state from a new node, retrying...
19:25:09 [0m[33m[WARN] [0mRetrieved consensus state from a new node, retrying...
19:25:09 [0m[33m[WARN] [0mRetrieved consensus state from a new node, retrying...
19:25:09 [0m[33m[WARN] [0mRetrieved consensus state from a new node, retrying...
19:25:09 [0m[33m[WARN] [0mRetrieved consensus state from a new node, retrying...
19:25:09 [0m[33m[WARN] [0mRetrieved consensus state from a new node, retrying...
19:25:09 [0m[33m[WARN] [0mRetrieved consensus state from a new node, retrying...
19:25:09 [0m[34m[INFO] [0mConsensus state synced!
19:25:09 [0m[34m[INFO] [0mconsensus: Node will start participating in the next slot
19:25:09 [0m[34m[INFO] [0mconsensus: Waiting for finalization sync period (1 sec)
19:25:10 [0m[34m[INFO] [0mconsensus: No finalized blocks to broadcast
19:25:10 [0m[34m[INFO] [0mconsensus: Waiting for next slot (5 sec)
19:25:15 [0m[34m[INFO] [0mPID: P: 1 * 10 ^ 0 (prec: 76, rnd: Zero)
19:25:15 [0m[34m[INFO] [0mPID: I: 3 * 10 ^ 0 (prec: 76, rnd: Zero)
19:25:15 [0m[34m[INFO] [0mPID: D: 0 * 10 ^ 0 (prec: 76, rnd: Zero)
19:25:15 [0m[34m[INFO] [0mConsensus::win_prob_with_full_stake(): pid f: 0.2
19:25:15 [0m[34m[INFO] [0mConsensus::win_prob_with_full_stake(): clipped f: 0.2
19:25:15 [0m[34m[INFO] [0moverall_empty_slots(): Blockchain contains only genesis, setting slot offset: 938820
19:25:15 [0m[34m[INFO] [0mconsensus::sigmas(): f: 0.5
19:25:15 [0m[34m[INFO] [0mconsensus::sigmas(): stake: 394304400
19:25:15 [0m[34m[INFO] [0mConsensus: Creating coins for epoch: 93882
19:25:15 [0m[34m[INFO] [0mLeadCoin::election_seeds(): eta: 0x000092f5d0250251c1b5274da787cd6d7336a0af356e884cf1611bf1dfde3a2d, slot: 0x00000000000000000000000000000000000000000000000000000000000e5344
19:25:15 [0m[34m[INFO] [0mLeadCoin::election_seeds(): eta: 0x000092f5d0250251c1b5274da787cd6d7336a0af356e884cf1611bf1dfde3a2d, slot: 0x00000000000000000000000000000000000000000000000000000000000e5345
19:25:15 [0m[34m[INFO] [0mLeadCoin::election_seeds(): eta: 0x000092f5d0250251c1b5274da787cd6d7336a0af356e884cf1611bf1dfde3a2d, slot: 0x00000000000000000000000000000000000000000000000000000000000e5346
19:25:15 [0m[34m[INFO] [0mLeadCoin::election_seeds(): eta: 0x000092f5d0250251c1b5274da787cd6d7336a0af356e884cf1611bf1dfde3a2d, slot: 0x00000000000000000000000000000000000000000000000000000000000e5347
19:25:15 [0m[34m[INFO] [0mLeadCoin::election_seeds(): eta: 0x000092f5d0250251c1b5274da787cd6d7336a0af356e884cf1611bf1dfde3a2d, slot: 0x00000000000000000000000000000000000000000000000000000000000e5348
19:25:15 [0m[34m[INFO] [0mLeadCoin::election_seeds(): eta: 0x000092f5d0250251c1b5274da787cd6d7336a0af356e884cf1611bf1dfde3a2d, slot: 0x00000000000000000000000000000000000000000000000000000000000e5349
19:25:15 [0m[34m[INFO] [0mLeadCoin::election_seeds(): eta: 0x000092f5d0250251c1b5274da787cd6d7336a0af356e884cf1611bf1dfde3a2d, slot: 0x00000000000000000000000000000000000000000000000000000000000e534a
19:25:15 [0m[34m[INFO] [0mLeadCoin::election_seeds(): eta: 0x000092f5d0250251c1b5274da787cd6d7336a0af356e884cf1611bf1dfde3a2d, slot: 0x00000000000000000000000000000000000000000000000000000000000e534b
19:25:15 [0m[34m[INFO] [0mLeadCoin::election_seeds(): eta: 0x000092f5d0250251c1b5274da787cd6d7336a0af356e884cf1611bf1dfde3a2d, slot: 0x00000000000000000000000000000000000000000000000000000000000e534c
19:25:15 [0m[34m[INFO] [0mLeadCoin::election_seeds(): eta: 0x000092f5d0250251c1b5274da787cd6d7336a0af356e884cf1611bf1dfde3a2d, slot: 0x00000000000000000000000000000000000000000000000000000000000e534d
19:25:15 [0m[34m[INFO] [0mconsensus: New epoch started: 93882
19:25:15 [0m[34m[INFO] [0mConsensus::is_leader(): slot: 0, coins len: 10
19:25:15 [0m[34m[INFO] [0mConsensus::is_leader(): y = 0x1f118f85c53d9e588457f35566506a1915b98b4a08c640c78a9a29be0c848a33
19:25:15 [0m[34m[INFO] [0mConsensus::is_leader(): T = 0x2adc5c52f4d2143f56dfdfd671f0950fa60721abb44e48dacf03b3d82d0e7d8a
19:25:15 [0m[34m[INFO] [0mpk:- 0x30f419c750a695ca2b9af032f997450764d2f4ceefdc671194200f143cf876b6
19:25:15 [0m[34m[INFO] [0mc1_cm x:- 0x12ce55c7595e4101e2cb3dcdf93d7d4985890a12463036857562352c01371552
19:25:15 [0m[34m[INFO] [0mc1_cm y:- 0x10d31e0a169cc2ab78873409c381eba91fc7b45282d8d89d8ebec052e2359737
19:25:15 [0m[34m[INFO] [0mc2_cm x:- 0x2a29633c5ac87be5b1aca67383a85ea9ee235fe477eec285a9ccef1603d6a6b5
19:25:15 [0m[34m[INFO] [0mc2_cm y:- 0x37c10fbefbdf00e3a2b5de1365e189eaf063621b0fe88e9813c0b3f7eee06a39
19:25:15 [0m[34m[INFO] [0mroot:- 0x153af24540a70d4b0e304e5d56588532a0bf5ebd6fa172e2d8e5c9dfbbd63eca
19:25:15 [0m[34m[INFO] [0msk:- 0x3d793ea1781c46dc92ee00d568eed62de9a18b8dd601c5e380d2cea2083a5352
19:25:15 [0m[34m[INFO] [0msn:- 0x3200150ef501c0de9a8fdb026f851b7208fde9576ad5a20afd4c5e087bb48b67
19:25:20 [0m[34m[INFO] [0mpk:- 0x30f419c750a695ca2b9af032f997450764d2f4ceefdc671194200f143cf876b6
19:25:20 [0m[34m[INFO] [0mc1_cm x:- 0x12ce55c7595e4101e2cb3dcdf93d7d4985890a12463036857562352c01371552
19:25:20 [0m[34m[INFO] [0mc1_cm y:- 0x10d31e0a169cc2ab78873409c381eba91fc7b45282d8d89d8ebec052e2359737
19:25:20 [0m[34m[INFO] [0mc2_cm x:- 0x2a29633c5ac87be5b1aca67383a85ea9ee235fe477eec285a9ccef1603d6a6b5
19:25:20 [0m[34m[INFO] [0mc2_cm y:- 0x37c10fbefbdf00e3a2b5de1365e189eaf063621b0fe88e9813c0b3f7eee06a39
19:25:20 [0m[34m[INFO] [0mroot:- 0x153af24540a70d4b0e304e5d56588532a0bf5ebd6fa172e2d8e5c9dfbbd63eca
19:25:20 [0m[34m[INFO] [0msk:- 0x3d793ea1781c46dc92ee00d568eed62de9a18b8dd601c5e380d2cea2083a5352
19:25:20 [0m[34m[INFO] [0msn:- 0x3200150ef501c0de9a8fdb026f851b7208fde9576ad5a20afd4c5e087bb48b67
19:25:20 [0m[34m[INFO] [0mLeadCoin::derive_coin()
19:25:20 [0m[34m[INFO] [0mconsensus: Node is the slot leader: Proposed block: BlockProposal { leader public key: 88stPENYjgFHE6Z8XCaxpK5PqxhFwmW2J4FbDRscM4C8, hash: 6524a3c1ece8cc04d027b4c320258e50cac347f37492a02c9a9116163df9cfd3, header: a99b3e58b8f3b45a19d769b4959fb733fd8d9bc590c0cc4fc06b4ed8d9302c2c, epoch: 93882, slot: 938820, txs: 0 }
19:25:20 [0m[34m[INFO] [0mpk: 0x1f4fdb53b2e777daaea52d0d2f2e1db85d8a24f1f6eae680c448ec999947475a
19:25:20 [0m[34m[INFO] [0mc1_cm x: 0x2b89a7a19dbd748adcff7e85109e14496f3cddaf462519230ca3fade475a5dff
19:25:20 [0m[34m[INFO] [0mc1_cm y: 0x15e7b51703212e62de5318f43f48df9f86eb2152539bd8857fb59112aa2ee66c
19:25:20 [0m[34m[INFO] [0mc2_cm x: 0x12f75ebf69c76ea4d85e4e1969d1e8eb29c5bc0ced3dc5b6cdfc4254fbd329e1
19:25:20 [0m[34m[INFO] [0mc2_cm y: 0x3e8daa83b27b153393ec0b011bf644d86a9cb473f7bb648bdde9967c79d8ce0b
19:25:20 [0m[34m[INFO] [0mroot: 0x10a61082d60b18641ab6382359f9472caae8b15fb4ee928be13db6325d012768
19:25:20 [0m[34m[INFO] [0msk: 0x1cab3507e1df311e965efae0c62624e6b47a44494275d24a30a6058cb3e8c60d
19:25:20 [0m[34m[INFO] [0msn: 0x04a60e5d3ca37ebf9a480757b4904e43536005b7ca58da13853fcd40c80029b7
19:25:20 [0m[34m[INFO] [0mreceive_proposal(): Leader proof verified successfully!
19:25:20 [0m[34m[INFO] [0mproposed slot: 938820
19:25:20 [0m[34m[INFO] [0mblock length: 1
19:25:20 [0m[34m[INFO] [0moffset: 938819
19:25:20 [0m[34m[INFO] [0mpk: 0x3308f221d715e677a224fb1734ff48b687b5d5c0cc364f1ec194db143a7e8484
19:25:20 [0m[34m[INFO] [0mc1_cm x: 0x19fb53ed963719285d886d261dfa48d56a3af2e06428925e0208dffff63e1d57
19:25:20 [0m[34m[INFO] [0mc1_cm y: 0x362486881e403640aeba698848f20c31efd33a24858e28ae13ef4921a4c65768
19:25:20 [0m[34m[INFO] [0mc2_cm x: 0x218d7b58d6482cd41935f6ed7a242c646fb47dfc6d258bad104386783d048d44
19:25:20 [0m[34m[INFO] [0mc2_cm y: 0x2747b8d0c19310fa19bef21f74f4e97365eafe67242f2c7c6a7ab692c03fc804
19:25:20 [0m[34m[INFO] [0mroot: 0x3499cb781f783cc6ac715726c324dd41f7a11abbc6e3c6607c90801e5ad3271f
19:25:20 [0m[34m[INFO] [0msk: 0x3700c745c55ec1b15350f11c09602bf02271eea89180abb5c5a98200b0805b1c
19:25:20 [0m[34m[INFO] [0msn: 0x08a0150a03783984f4df91a726577d10b4b7ce719dba89bda9e5173a2a269a94
19:25:20 [0m[34m[INFO] [0mreceive_proposal(): Leader proof verified successfully!
19:25:20 [0m[34m[INFO] [0mproposed slot: 938820
19:25:20 [0m[34m[INFO] [0mblock length: 1
19:25:20 [0m[34m[INFO] [0moffset: 938819
19:25:20 [0m[34m[INFO] [0mpk: 0x30f419c750a695ca2b9af032f997450764d2f4ceefdc671194200f143cf876b6
19:25:20 [0m[34m[INFO] [0mc1_cm x: 0x12ce55c7595e4101e2cb3dcdf93d7d4985890a12463036857562352c01371552
19:25:20 [0m[34m[INFO] [0mc1_cm y: 0x10d31e0a169cc2ab78873409c381eba91fc7b45282d8d89d8ebec052e2359737
19:25:20 [0m[34m[INFO] [0mc2_cm x: 0x2a29633c5ac87be5b1aca67383a85ea9ee235fe477eec285a9ccef1603d6a6b5
19:25:20 [0m[34m[INFO] [0mc2_cm y: 0x37c10fbefbdf00e3a2b5de1365e189eaf063621b0fe88e9813c0b3f7eee06a39
19:25:20 [0m[34m[INFO] [0mroot: 0x153af24540a70d4b0e304e5d56588532a0bf5ebd6fa172e2d8e5c9dfbbd63eca
19:25:20 [0m[34m[INFO] [0msk: 0x3d793ea1781c46dc92ee00d568eed62de9a18b8dd601c5e380d2cea2083a5352
19:25:20 [0m[34m[INFO] [0msn: 0x3200150ef501c0de9a8fdb026f851b7208fde9576ad5a20afd4c5e087bb48b67
19:25:20 [0m[34m[INFO] [0mreceive_proposal(): Leader proof verified successfully!
19:25:20 [0m[34m[INFO] [0mproposed slot: 938820
19:25:20 [0m[34m[INFO] [0mblock length: 1
19:25:20 [0m[34m[INFO] [0moffset: 938819
19:25:20 [0m[34m[INFO] [0mconsensus: Block proposal saved successfully
19:25:20 [0m[34m[INFO] [0mconsensus: Proposal broadcasted successfully
19:25:20 [0m[34m[INFO] [0mconsensus: Waiting for finalization sync period (10 sec)
19:25:20 [0m[34m[INFO] [0mpk: 0x25ebd81b6374547be3a3b44a9c151aabafb3faaed14161a39ae3f651c67bd7b6
19:25:20 [0m[34m[INFO] [0mc1_cm x: 0x1c551f835f60bc0bab137a69a6c1df281c4f630782898cede294ef23a05054c9
19:25:20 [0m[34m[INFO] [0mc1_cm y: 0x14e18ddfbaaee8f10c70448d2c9e599bdc3407d8043f3ffad55aadda407543e6
19:25:20 [0m[34m[INFO] [0mc2_cm x: 0x2172fea60fc7807e7d9d14361aa878048cce1abe1262011e53af2d8cda7cf712
19:25:20 [0m[34m[INFO] [0mc2_cm y: 0x2bf486f496e7b78b488227fcd50e235b30829707d556c2d0dcff8ed66e0aa0c0
19:25:20 [0m[34m[INFO] [0mroot: 0x397fea0e14837cc60636e5dd4cbd9d106168544c7b73a66739908edd2f1d5d7e
19:25:20 [0m[34m[INFO] [0msk: 0x033d02ac19fabbef9fea7571eb2eb3ba02fbc6e6e7ea496761b6e156e5c62b66
19:25:20 [0m[34m[INFO] [0msn: 0x174873130a123fe7a513b6c3ffcaa7b096949ae256e1a1e73fee8cc2c8b76687
19:25:20 [0m[34m[INFO] [0mreceive_proposal(): Leader proof verified successfully!
19:25:20 [0m[34m[INFO] [0mproposed slot: 938820
19:25:20 [0m[34m[INFO] [0mblock length: 1
19:25:20 [0m[34m[INFO] [0moffset: 938819
19:25:30 [0m[34m[INFO] [0mconsensus: No finalized blocks to broadcast
19:25:30 [0m[34m[INFO] [0mconsensus: Waiting for next slot (5 sec)
19:25:35 [0m[34m[INFO] [0mPID: P: -3 * 10 ^ 0 (prec: 76, rnd: Zero)
19:25:35 [0m[34m[INFO] [0mPID: I: 0 * 10 ^ 0 (prec: 76, rnd: Zero)
19:25:35 [0m[34m[INFO] [0mPID: D: 3 * 10 ^ -1 (prec: 76, rnd: Zero)
19:25:35 [0m[34m[INFO] [0mConsensus::win_prob_with_full_stake(): pid f: -1.2
19:25:35 [0m[34m[INFO] [0mConsensus::win_prob_with_full_stake(): clipped f: 0.05
19:25:35 [0m[34m[INFO] [0mconsensus::sigmas(): f: 0.5
19:25:35 [0m[34m[INFO] [0mconsensus::sigmas(): stake: 394304820
19:25:35 [0m[34m[INFO] [0mConsensus::is_leader(): slot: 1, coins len: 10
19:25:35 [0m[34m[INFO] [0mConsensus::is_leader(): y = 0x3999d0886cd3216f2249369d9815aafcea8c52aa16722748509497f1289be335
19:25:35 [0m[34m[INFO] [0mConsensus::is_leader(): T = 0x2adc5e7d70bdcc10c5d1d2c0b2958a636aa5c1e6dc044204e09cd4a7b530880f
19:25:35 [0m[34m[INFO] [0mconsensus: Node is not the slot lead
19:25:35 [0m[34m[INFO] [0mconsensus: Waiting for finalization sync period (15 sec)
19:25:38 [0m[34m[INFO] [0mpk: 0x2c29ccd99ed45c6f15cf409c9c28a34b41a550cef23be441cb5f707b3edf5046
19:25:38 [0m[34m[INFO] [0mc1_cm x: 0x2382cbef15ec11bd8589aa33b4b6eb7a4c3e89d42716cd10f795c184566adfba
19:25:38 [0m[34m[INFO] [0mc1_cm y: 0x00f4c730d3bcca41dc7c9fb26ff8fb4732580ab3fa6d4150fed899e26818ea8a
19:25:38 [0m[34m[INFO] [0mc2_cm x: 0x3c8feb92ab9ec695ffc39e4285a2553de197f5d615a382e2e963eb36f6c06af9
19:25:38 [0m[34m[INFO] [0mc2_cm y: 0x1c376fe73f7d263cd2ae3b84310f62000ffa6fa6659743c13543c761ebe15faa
19:25:38 [0m[34m[INFO] [0mroot: 0x1641274aa9336c39a0960465dc803e16b57fac45574ef83d295753ba1b12e644
19:25:38 [0m[34m[INFO] [0msk: 0x2c3c0472cf158adf8146a4c2c9f77c77458f2a0754d3db216c6e57142778cd2e
19:25:38 [0m[34m[INFO] [0msn: 0x3afd2e7b010635bb19fc4eaef2fdb90970772b229dd3010dfaf9aa117bedd7c0
19:25:39 [0m[34m[INFO] [0mreceive_proposal(): Leader proof verified successfully!
19:25:39 [0m[34m[INFO] [0mproposed slot: 938821
19:25:39 [0m[34m[INFO] [0mblock length: 1
19:25:39 [0m[34m[INFO] [0moffset: 938820
19:25:39 [0m[34m[INFO] [0mpk: 0x201f06c5b42bcced160d802e05476654f39046d587b7ee3613bfb5c03e48918b
19:25:39 [0m[34m[INFO] [0mc1_cm x: 0x0694dfd1b3193510ea5ab5556d81a43db51371bdac808f129a4c62fb644f0ac1
19:25:39 [0m[34m[INFO] [0mc1_cm y: 0x065385702704d522cc265503a9310c0a6bc5e880a05900fa09301291659edec7
19:25:39 [0m[34m[INFO] [0mc2_cm x: 0x25dfc0eff7e8e2cf4965a55b6deb02795633b6b8520a6bdfe7e8e56336540e55
19:25:39 [0m[34m[INFO] [0mc2_cm y: 0x10656b1c6d7beed3a0a31a62118fb82ac7e84c8eb3958278aba75c1721ca3256
19:25:39 [0m[34m[INFO] [0mroot: 0x1ab78abf53cb7cec5dc3c55ffcef87fcf420b8e2792e4980b3ef4e037ed9d741
19:25:39 [0m[34m[INFO] [0msk: 0x27cd8d9f72b17c4fc3f81411c8c92f38b9b4751530fdaa70e0b6b39d15692561
19:25:39 [0m[34m[INFO] [0msn: 0x1a8d18c875bda36ab0f3b083f9afcd175fd72ce8da2bf5bf3d14d762685db406
19:25:39 [0m[34m[INFO] [0mreceive_proposal(): Leader proof verified successfully!
19:25:39 [0m[34m[INFO] [0mproposed slot: 938821
19:25:39 [0m[34m[INFO] [0mblock length: 1
19:25:39 [0m[34m[INFO] [0moffset: 938820
19:25:39 [0m[34m[INFO] [0mpk: 0x1b7d172e48ffe8290a88c1f0fa0df456db3a049cb763157c6d5f67c3bd485fac
19:25:39 [0m[34m[INFO] [0mc1_cm x: 0x14634eb66a67183e161acae76340c910b12383d723a52ca77789c7c4bdc284aa
19:25:39 [0m[34m[INFO] [0mc1_cm y: 0x14ea7e34fcfb3ae4f1a521e36d2880c61dc9af278420300d3e84da829c9a9651
19:25:39 [0m[34m[INFO] [0mc2_cm x: 0x2890153d625327876323af6b5691b6dff9d445fc651af1946fae5757312ae4bc
19:25:39 [0m[34m[INFO] [0mc2_cm y: 0x1e93bab80344ec85ed4ba36240c7ea09da7dea58d8ce6f7ce54df91b0cfcd08d
19:25:39 [0m[34m[INFO] [0mroot: 0x374af7eb60dbe60fe4d878e72d24b00c1d48b518148e0dabc88f2c17d1babf1d
19:25:39 [0m[34m[INFO] [0msk: 0x2f0f53e29741a4bf373c21e55b03f8b0d343b0fb0098985b1f57296ff1d327f6
19:25:39 [0m[34m[INFO] [0msn: 0x3f6928599e0e5f10b3eb8f53dd60217f2bd96978c7aa00272f8f5d29a1d934d8
19:25:39 [0m[34m[INFO] [0mreceive_proposal(): Leader proof verified successfully!
19:25:39 [0m[34m[INFO] [0mproposed slot: 938821
19:25:39 [0m[34m[INFO] [0mblock length: 1
19:25:39 [0m[34m[INFO] [0moffset: 938820
19:25:50 [0m[34m[INFO] [0mconsensus: No finalized blocks to broadcast
19:25:50 [0m[34m[INFO] [0mconsensus: Waiting for next slot (5 sec)
19:25:55 [0m[34m[INFO] [0mPID: P: -2 * 10 ^ 0 (prec: 76, rnd: Zero)
19:25:55 [0m[34m[INFO] [0mPID: I: -2 * 10 ^ 0 (prec: 76, rnd: Zero)
19:25:55 [0m[34m[INFO] [0mPID: D: -3 * 10 ^ -1 (prec: 76, rnd: Zero)
19:25:55 [0m[34m[INFO] [0mConsensus::win_prob_with_full_stake(): pid f: -1.1
19:25:55 [0m[34m[INFO] [0mConsensus::win_prob_with_full_stake(): clipped f: 0.05
19:25:55 [0m[34m[INFO] [0mconsensus::sigmas(): f: 0.5
19:25:55 [0m[34m[INFO] [0mconsensus::sigmas(): stake: 394305240
19:25:55 [0m[34m[INFO] [0mConsensus::is_leader(): slot: 2, coins len: 10
19:25:55 [0m[34m[INFO] [0mConsensus::is_leader(): y = 0x2d962cc8a09b682971516f92f778e122a2d43ca35a0a4c4d90efb21600951d24
19:25:55 [0m[34m[INFO] [0mConsensus::is_leader(): T = 0x2adc60a7ec436e18847ac4ebc6efab9cac91a3dcb50a4caeaeb7ee42c0b0bc9d
19:25:55 [0m[34m[INFO] [0mconsensus: Node is not the slot lead
19:25:55 [0m[34m[INFO] [0mconsensus: Waiting for finalization sync period (15 sec)
19:25:59 [0m[34m[INFO] [0mpk: 0x223bc96135a1eb5a9d2e9c966603b0a12664475d53db1d9e07f0f8a5a3b9c4e0
19:25:59 [0m[34m[INFO] [0mc1_cm x: 0x2ea8689544bcef1847ba912a5eed19657cd626c61bec8f9fbe4ea905203e367c
19:25:59 [0m[34m[INFO] [0mc1_cm y: 0x189ac2ba2631d3c2cdc0872113072cfeddc94b5270598fdf5271e90121aad51c
19:25:59 [0m[34m[INFO] [0mc2_cm x: 0x1433cea0cad1d01d883847109b1983cfb1de5800181898855aea3256b396a8c4
19:25:59 [0m[34m[INFO] [0mc2_cm y: 0x387448a835afb101ecd233b1bbe54288124065b10f677b3cec5e90f050394136
19:25:59 [0m[34m[INFO] [0mroot: 0x1af089ee9361c93fdb1de231f5bf6481b9dbb2be8beea547e6a2df8c4ed64128
19:25:59 [0m[34m[INFO] [0msk: 0x11b462df71e925a2cb48fc850c52f10f8fe43e5fa9d07f1651b4bf1b6dce15ef
19:25:59 [0m[34m[INFO] [0msn: 0x06467437a987d64a21f07a4257d7a23d1137f8d7617f3b4c557c75b2f3312618
19:25:59 [0m[34m[INFO] [0mreceive_proposal(): Leader proof verified successfully!
19:25:59 [0m[34m[INFO] [0mproposed slot: 938822
19:25:59 [0m[34m[INFO] [0mblock length: 1
19:25:59 [0m[34m[INFO] [0moffset: 938821
19:25:59 [0m[34m[INFO] [0mpk: 0x059fb2cf68dfff5a35365d9ad859973af99722d8c6a8f7b825c5643abe31512d
19:25:59 [0m[34m[INFO] [0mc1_cm x: 0x27ac6cb6afeaad92da2ac5b875051c9443f7905315df18c8c44046ef07fb5980
19:25:59 [0m[34m[INFO] [0mc1_cm y: 0x1d5e8aad063a4a5a4d021386534ad00162c469f0b1a93fac7756397a7478c519
19:25:59 [0m[34m[INFO] [0mc2_cm x: 0x2c629c118401dffa95c1d857e796ad74d289ab3abc70d65bc7e052bc3070fec2
19:25:59 [0m[34m[INFO] [0mc2_cm y: 0x3a5b590e812c985ea5a7b26ed3eb2adc14a26506e0ca7046e7684c2e421f0ac6
19:25:59 [0m[34m[INFO] [0mroot: 0x013e24e830e0c6b38efdf79f10e404b3c4800bcf1365c1d77d37cbaad00ff7da
19:25:59 [0m[34m[INFO] [0msk: 0x2328a2dd06f0aec598e0f29fb90d1597515d5ff2ae99de052f99215aeee45659
19:25:59 [0m[34m[INFO] [0msn: 0x245725acecaef8e202f3d33c0de392ad6e958fed002f3c7ea4a38fe60339d623
19:26:00 [0m[34m[INFO] [0mreceive_proposal(): Leader proof verified successfully!
19:26:00 [0m[34m[INFO] [0mproposed slot: 938822
19:26:00 [0m[34m[INFO] [0mblock length: 1
19:26:00 [0m[34m[INFO] [0moffset: 938821
19:26:00 [0m[34m[INFO] [0mpk: 0x1157e26f7a6bea11f97167c22449e6c5196accc6e2aa5153abcc1071f77f2517
19:26:00 [0m[34m[INFO] [0mc1_cm x: 0x176c7effa029bb6ba8e2737921713c2117511773e5c660a5d3260bd8ea1953c3
19:26:00 [0m[34m[INFO] [0mc1_cm y: 0x34d8a39cbf986c65a26be7bb1196f7a890901251cdbde92a40b02ec4484a9949
19:26:00 [0m[34m[INFO] [0mc2_cm x: 0x223ef5e2bcb9ebda363fae76033bee4e25f23491cf090edcbd8750b9bd7bbefd
19:26:00 [0m[34m[INFO] [0mc2_cm y: 0x2f02ae0869d19e02e85f82a517645200ddb1e4219247c2b27a35b11b1e704849
19:26:00 [0m[34m[INFO] [0mroot: 0x21bcb366a8b4c84e44de5f2394ee191eb752e98cbb4c30c40f476485573a07e5
19:26:00 [0m[34m[INFO] [0msk: 0x3a020df4d2d5ae2bd0313f5075065ba8abed5ccafe0258f8372f6d2012cea83e
19:26:00 [0m[34m[INFO] [0msn: 0x274daf795317a037e01cc8ff9059e01ab71d7de3f25628c4cf04e4da44e9004b
19:26:00 [0m[34m[INFO] [0mreceive_proposal(): Leader proof verified successfully!
19:26:00 [0m[34m[INFO] [0mproposed slot: 938822
19:26:00 [0m[34m[INFO] [0mblock length: 1
19:26:00 [0m[34m[INFO] [0moffset: 938821
19:26:00 [0m[34m[INFO] [0mpk: 0x30fbff4d0e08fa2e53e721e6d8cbfaed54bcc81ef7b8b3a44a4ba7adc42abe5f
19:26:00 [0m[34m[INFO] [0mc1_cm x: 0x2d30d1ce448e2d4bb033606f184ded2c3103b172b7f06ac0fa939eb7a9e02aa3
19:26:00 [0m[34m[INFO] [0mc1_cm y: 0x1ecd59c079b97e06666dd21b1b47d5923690bc43ded9f7bd378456a553a3c5c8
19:26:00 [0m[34m[INFO] [0mc2_cm x: 0x134dd683523babc50dd6009a9af30543d8577a38f34b045e067b5e7d1efbdf20
19:26:00 [0m[34m[INFO] [0mc2_cm y: 0x1fbd3527549a56e6eee45d5dabdc518909874d5d042062e81b5cf4a0c739ab2e
19:26:00 [0m[34m[INFO] [0mroot: 0x1f6992559c018eee22d39f4fa3cddff7a4f15be289e2a0708083e922972821ba
19:26:00 [0m[34m[INFO] [0msk: 0x2bf6e7610291675558a99ae7fe67d51d8b00eb687ae16681908d7a4ecc34b274
19:26:00 [0m[34m[INFO] [0msn: 0x19a267f742bcf07bab4d5384608c9c1cc20024c61c5684e9d0738a131a8a2190
19:26:00 [0m[34m[INFO] [0mreceive_proposal(): Leader proof verified successfully!
19:26:00 [0m[34m[INFO] [0mproposed slot: 938822
19:26:00 [0m[34m[INFO] [0mblock length: 1
19:26:00 [0m[34m[INFO] [0moffset: 938821
19:26:10 [0m[34m[INFO] [0mconsensus: No finalized blocks to broadcast
19:26:10 [0m[34m[INFO] [0mconsensus: Waiting for next slot (5 sec)
19:26:15 [0m[34m[INFO] [0mPID: P: -3 * 10 ^ 0 (prec: 76, rnd: Zero)
19:26:15 [0m[34m[INFO] [0mPID: I: -5 * 10 ^ 0 (prec: 76, rnd: Zero)
19:26:15 [0m[34m[INFO] [0mPID: D: 3 * 10 ^ -1 (prec: 76, rnd: Zero)
19:26:15 [0m[34m[INFO] [0mConsensus::win_prob_with_full_stake(): pid f: -0.7
19:26:15 [0m[34m[INFO] [0mConsensus::win_prob_with_full_stake(): clipped f: 0.05
19:26:15 [0m[34m[INFO] [0mconsensus::sigmas(): f: 0.5
19:26:15 [0m[34m[INFO] [0mconsensus::sigmas(): stake: 394305660
19:26:15 [0m[34m[INFO] [0mConsensus::is_leader(): slot: 3, coins len: 10
19:26:15 [0m[34m[INFO] [0mConsensus::is_leader(): y = 0x2b5fb48a16857224b22fbde71cb1301932c38850b12d9c22f4e11d71a116365d
19:26:15 [0m[34m[INFO] [0mConsensus::is_leader(): T = 0x2adc62d26762fa711e78bde02878e9512e22b4e70767af374b1353462ca6f975
19:26:15 [0m[34m[INFO] [0mconsensus: Node is not the slot lead
19:26:15 [0m[34m[INFO] [0mconsensus: Waiting for finalization sync period (15 sec)
19:26:18 [0m[34m[INFO] [0mpk: 0x05f5845322eb17f3237bfe2a8375215d1f8e5cbdba9503a4ddf4f29c360b2802
19:26:18 [0m[34m[INFO] [0mc1_cm x: 0x13e2332b092192a8ceaa4c3407027080a3e274f7ed34055c91779260493a672e
19:26:18 [0m[34m[INFO] [0mc1_cm y: 0x1151a0fe4bab292321df678e381a3ff363aa54130e0fda2e12c92470fdd33645
19:26:18 [0m[34m[INFO] [0mc2_cm x: 0x13ad06c13dfd3755c60a7e998771e59d0c3fe9e40c3c17fb2f3009ab37d0885f
19:26:18 [0m[34m[INFO] [0mc2_cm y: 0x3d83587a70377c11d2a6da96001331d24939fd5897d942c79cd3ae5d866b8991
19:26:18 [0m[34m[INFO] [0mroot: 0x010f2d2c9050a6a0108f891ec2906e42582f29d138e1041ee8441878bd6d8b03
19:26:18 [0m[34m[INFO] [0msk: 0x12c34bb446a55334275b6578d744b129a5c4756ce766c9c5a45bf248f0c9cc29
19:26:18 [0m[34m[INFO] [0msn: 0x0db646fa5f77e7ea1be114127dc3d2f0f4299f2ab10b386b96e7b4dfd0be5956
19:26:18 [0m[34m[INFO] [0mreceive_proposal(): Leader proof verified successfully!
19:26:18 [0m[34m[INFO] [0mproposed slot: 938823
19:26:18 [0m[34m[INFO] [0mblock length: 1
19:26:18 [0m[34m[INFO] [0moffset: 938822
19:26:18 [0m[34m[INFO] [0mpk: 0x0699dcb0ec72770dd969c9a5c4801d80d2df34199d5133781458e88a79a6183f
19:26:18 [0m[34m[INFO] [0mc1_cm x: 0x1670edbd02097655b7b94130d8992754ff9e7f6dde66b275b092eb48710dd6fa
19:26:18 [0m[34m[INFO] [0mc1_cm y: 0x304e94395045a252fd44cb72fe099fca921f929612383ef71a94b7acd72ef855
19:26:18 [0m[34m[INFO] [0mc2_cm x: 0x10ffa0a0fc6c496716688d29b329351a985737bc4c10596e10cffa3f669d81a7
19:26:18 [0m[34m[INFO] [0mc2_cm y: 0x2eb70c746d0f07b07036ce3e45dbc0718553e4ed96d1b3ccfdebc5c1bff43a50
19:26:18 [0m[34m[INFO] [0mroot: 0x07df01d1434fc2fbae55c6162b45f579c97d20027d43eca3b3e66e2a5241507a
19:26:18 [0m[34m[INFO] [0msk: 0x039f331c22866f326e38f4b311ceea54a8880d185b05ffe10571b87473f1d6ee
19:26:18 [0m[34m[INFO] [0msn: 0x1f0ac4b44cfb9f5aa6df6a4fda0eafe73b27d674d12eac16f50f235e42cc2a30
19:26:18 [0m[34m[INFO] [0mreceive_proposal(): Leader proof verified successfully!
19:26:18 [0m[34m[INFO] [0mproposed slot: 938823
19:26:18 [0m[34m[INFO] [0mblock length: 1
19:26:18 [0m[34m[INFO] [0moffset: 938822
19:26:30 [0m[34m[INFO] [0mconsensus: No finalized blocks to broadcast
19:26:30 [0m[34m[INFO] [0mconsensus: Waiting for next slot (5 sec)
19:26:35 [0m[34m[INFO] [0mPID: P: -1 * 10 ^ 0 (prec: 76, rnd: Zero)
19:26:35 [0m[34m[INFO] [0mPID: I: -6 * 10 ^ 0 (prec: 76, rnd: Zero)
19:26:35 [0m[34m[INFO] [0mPID: D: -3 * 10 ^ -1 (prec: 76, rnd: Zero)
19:26:35 [0m[34m[INFO] [0mConsensus::win_prob_with_full_stake(): pid f: -0.2
19:26:35 [0m[34m[INFO] [0mConsensus::win_prob_with_full_stake(): clipped f: 0.05
19:26:35 [0m[34m[INFO] [0mconsensus::sigmas(): f: 0.5
19:26:35 [0m[34m[INFO] [0mconsensus::sigmas(): stake: 394306080
19:26:35 [0m[34m[INFO] [0mConsensus::is_leader(): slot: 4, coins len: 10
19:26:35 [0m[34m[INFO] [0mConsensus::is_leader(): y = 0x3e57633d1704cb88d8f664a594ec4db6fa101c32d1bbb637fe1cfd7e1e5329c8
19:26:35 [0m[34m[INFO] [0mConsensus::is_leader(): T = 0x34fc82b056d7cb5acc0958e2ec34e12f5644c352baee521d73c6c6ce0162dd70
19:26:35 [0m[34m[INFO] [0mconsensus: Node is not the slot lead
19:26:35 [0m[34m[INFO] [0mconsensus: Waiting for finalization sync period (15 sec)
19:26:38 [0m[34m[INFO] [0mpk: 0x3ebceb12f04c013fb02895f9fedc22c266d295b5294f6ca81a3b91c7aca7c2a7
19:26:38 [0m[34m[INFO] [0mc1_cm x: 0x0bc925e5952b37f65434ac4c94a3a4d41ded51a6ac05e2ebee1250c8296b245a
19:26:38 [0m[34m[INFO] [0mc1_cm y: 0x21d29de0e5c5fedea5b29b703499dd92f87495d366ef17eab0165a2f9afb70c6
19:26:38 [0m[34m[INFO] [0mc2_cm x: 0x3b7885391b753d3e88601d689b9adf7198835e1fb1be4105f0926ef7a1ecbc3c
19:26:38 [0m[34m[INFO] [0mc2_cm y: 0x377085bc52a4011d050d827aae1451446351c2864577eee288141e4ffafc02a9
19:26:38 [0m[34m[INFO] [0mroot: 0x0e8985ac35ef3eafbff29302c141216957577c2e79087845c6d5fc279128b877
19:26:38 [0m[34m[INFO] [0msk: 0x3d4a9765289535b9eaa4cf9f7b0781de197e37439eea35f1f6918c7cba000dbb
19:26:38 [0m[34m[INFO] [0msn: 0x1ac6d707ef93ce326091ade67b04e978e5b60d62b01845821fa04021b5d2f8c4
19:26:38 [0m[34m[INFO] [0mreceive_proposal(): Leader proof verified successfully!
19:26:38 [0m[34m[INFO] [0mproposed slot: 938824
19:26:38 [0m[34m[INFO] [0mblock length: 1
19:26:38 [0m[34m[INFO] [0moffset: 938823
19:26:39 [0m[34m[INFO] [0mpk: 0x1b83bda82513dba754f43ab5b7c16a1c73b0c11864bb6a7803a9aef76a1693ec
19:26:39 [0m[34m[INFO] [0mc1_cm x: 0x2558648d5ce6f9e2aee1060c230e99cb23907d45386041939745797300b85000
19:26:39 [0m[34m[INFO] [0mc1_cm y: 0x2d6133e7920b378d97c6fc348f7151d3cdd2797b3dc0fbe5afe22a919090648d
19:26:39 [0m[34m[INFO] [0mc2_cm x: 0x1ea264b02276ae5132e8d0c3fac9611b0d8e7ba7cfc4c287d796bb1bb8e35939
19:26:39 [0m[34m[INFO] [0mc2_cm y: 0x2f675409408dad768b838336e365b09b43ca8e55d410f2ad90410dc379ac6b01
19:26:39 [0m[34m[INFO] [0mroot: 0x1fb8b659d612792367a798242a2295bcf473934778f96aa8f2be19ddf7e9bb26
19:26:39 [0m[34m[INFO] [0msk: 0x246b2610fc446ab8c2d6ce80329796c6041b1b7455a4dceea53aa6e2ea62b062
19:26:39 [0m[34m[INFO] [0msn: 0x1b97bb40df182170b604a4e3155a2aab2d44a663d992fe19dfc954f931ee3941
19:26:39 [0m[34m[INFO] [0mreceive_proposal(): Leader proof verified successfully!
19:26:39 [0m[34m[INFO] [0mproposed slot: 938824
19:26:39 [0m[34m[INFO] [0mblock length: 1
19:26:39 [0m[34m[INFO] [0moffset: 938823
19:26:39 [0m[34m[INFO] [0mpk: 0x1fdc28ac85843a16b71c2bbf0447115161c676097b4722a223bd57f2801a095a
19:26:39 [0m[34m[INFO] [0mc1_cm x: 0x06131accd2b91e47c01e38b96e544c896d77e32689e6d0d1cbb75e44ecb741ac
19:26:39 [0m[34m[INFO] [0mc1_cm y: 0x3981a972773fc6cc86428aed5b9fc41dc56e308989e5b074bc597d4e020613bd
19:26:39 [0m[34m[INFO] [0mc2_cm x: 0x169c485dfbb3bb1f31c1c5d7a0556e84a6ee49cf13f257f3cca2a68212a65fc5
19:26:39 [0m[34m[INFO] [0mc2_cm y: 0x3b8ce1e30f332f2fcc1f0d865f44e49bfa3652eb721e3c8d4f1c334ad0252890
19:26:39 [0m[34m[INFO] [0mroot: 0x0434c804fa1e32f51ca9c3916478b5e0d84a5bbcb24bcfca98848479aca8dc05
19:26:39 [0m[34m[INFO] [0msk: 0x0811e10cf8aa7b76e079d1d3a4cd15022dba1104fe43e4cecbf1c7858f02bd37
19:26:39 [0m[34m[INFO] [0msn: 0x2e4dc2995fb7e0603f9d337e93bcfe0f6962062d642c296c4b1edef012e261bf
19:26:39 [0m[34m[INFO] [0mreceive_proposal(): Leader proof verified successfully!
19:26:39 [0m[34m[INFO] [0mproposed slot: 938824
19:26:39 [0m[34m[INFO] [0mblock length: 1
19:26:39 [0m[34m[INFO] [0moffset: 938823
19:26:50 [0m[34m[INFO] [0mconsensus: No finalized blocks to broadcast
19:26:50 [0m[34m[INFO] [0mconsensus: Waiting for next slot (5 sec)
19:26:55 [0m[34m[INFO] [0mPID: P: -2 * 10 ^ 0 (prec: 76, rnd: Zero)
19:26:55 [0m[34m[INFO] [0mPID: I: -8 * 10 ^ 0 (prec: 76, rnd: Zero)
19:26:55 [0m[34m[INFO] [0mPID: D: 3 * 10 ^ -1 (prec: 76, rnd: Zero)
19:26:55 [0m[34m[INFO] [0mConsensus::win_prob_with_full_stake(): pid f: 0.1
19:26:55 [0m[34m[INFO] [0mConsensus::win_prob_with_full_stake(): clipped f: 0.1
19:26:55 [0m[34m[INFO] [0mconsensus::sigmas(): f: 0.5
19:26:55 [0m[34m[INFO] [0mconsensus::sigmas(): stake: 394306500
19:26:55 [0m[34m[INFO] [0mConsensus::is_leader(): slot: 5, coins len: 10
19:26:55 [0m[34m[INFO] [0mConsensus::is_leader(): y = 0x1348fc65eae8b66bf1d2a270eb0054e2f9ae8a2d0a77c26a44c0db74f53a676a
19:26:55 [0m[34m[INFO] [0mConsensus::is_leader(): T = 0x2adc67275c6fd27f12bf9c15e3a53613964c99b2b5b2624cbfda74d8998a2259
19:26:55 [0m[34m[INFO] [0mpk:- 0x0bdd6f093c62463cf82011af110da390b8f9bfbbf6fe8f165bd1b2d3ee769405
19:26:55 [0m[34m[INFO] [0mc1_cm x:- 0x1f07011a4a8b6834faea8e1787d0b49496a87e8e63c46d393d3e1f5a5db2fbd0
19:26:55 [0m[34m[INFO] [0mc1_cm y:- 0x197df7fb3a6005fe4fce31227980a80140456bf22772f472bd361fd37b29b204
19:26:55 [0m[34m[INFO] [0mc2_cm x:- 0x0842be5728874f1aca3744bdea8725a7d0f0520cbc1aad2b1c6d0a823acafd97
19:26:55 [0m[34m[INFO] [0mc2_cm y:- 0x1e66938e4f776107ae9b97c7204e6580deb500d2234fc03f2b71c090a3d8283d
19:26:55 [0m[34m[INFO] [0mroot:- 0x1a2d9ea0b6ab9e177bb37758ad4c02a5e8bff67b7daba413c991ecd6e3adf6a7
19:26:55 [0m[34m[INFO] [0msk:- 0x2943c0ab9361f6b4a358ce94ea5f3083fa88f1ac1bf70c08193d009bbfb8fbc9
19:26:55 [0m[34m[INFO] [0msn:- 0x37956894885eec74ca76ad83df359522a9ca6d7084f2a5d916d90e6f925d4dd3
19:26:58 [0m[34m[INFO] [0mpk:- 0x0bdd6f093c62463cf82011af110da390b8f9bfbbf6fe8f165bd1b2d3ee769405
19:26:58 [0m[34m[INFO] [0mc1_cm x:- 0x1f07011a4a8b6834faea8e1787d0b49496a87e8e63c46d393d3e1f5a5db2fbd0
19:26:58 [0m[34m[INFO] [0mc1_cm y:- 0x197df7fb3a6005fe4fce31227980a80140456bf22772f472bd361fd37b29b204
19:26:58 [0m[34m[INFO] [0mc2_cm x:- 0x0842be5728874f1aca3744bdea8725a7d0f0520cbc1aad2b1c6d0a823acafd97
19:26:58 [0m[34m[INFO] [0mc2_cm y:- 0x1e66938e4f776107ae9b97c7204e6580deb500d2234fc03f2b71c090a3d8283d
19:26:58 [0m[34m[INFO] [0mroot:- 0x1a2d9ea0b6ab9e177bb37758ad4c02a5e8bff67b7daba413c991ecd6e3adf6a7
19:26:58 [0m[34m[INFO] [0msk:- 0x2943c0ab9361f6b4a358ce94ea5f3083fa88f1ac1bf70c08193d009bbfb8fbc9
19:26:58 [0m[34m[INFO] [0msn:- 0x37956894885eec74ca76ad83df359522a9ca6d7084f2a5d916d90e6f925d4dd3
19:26:58 [0m[34m[INFO] [0mLeadCoin::derive_coin()
19:26:58 [0m[34m[INFO] [0mconsensus: Node is the slot leader: Proposed block: BlockProposal { leader public key: 42nxcET4zE9JCHYymeC6nHgCQ2Y21eBjYU5yzAss23Tn, hash: f038b05dd261693629c434df8e3aeeea48e3e3574aec759cf5c222d1ab980fb9, header: 4a823d49ee1aca5d1eff4f6518156af22bb73da28302cf2e165e3804f0d9b331, epoch: 93882, slot: 938825, txs: 0 }
19:26:58 [0m[34m[INFO] [0mpk: 0x0bdd6f093c62463cf82011af110da390b8f9bfbbf6fe8f165bd1b2d3ee769405
19:26:58 [0m[34m[INFO] [0mc1_cm x: 0x1f07011a4a8b6834faea8e1787d0b49496a87e8e63c46d393d3e1f5a5db2fbd0
19:26:58 [0m[34m[INFO] [0mc1_cm y: 0x197df7fb3a6005fe4fce31227980a80140456bf22772f472bd361fd37b29b204
19:26:58 [0m[34m[INFO] [0mc2_cm x: 0x0842be5728874f1aca3744bdea8725a7d0f0520cbc1aad2b1c6d0a823acafd97
19:26:58 [0m[34m[INFO] [0mc2_cm y: 0x1e66938e4f776107ae9b97c7204e6580deb500d2234fc03f2b71c090a3d8283d
19:26:58 [0m[34m[INFO] [0mroot: 0x1a2d9ea0b6ab9e177bb37758ad4c02a5e8bff67b7daba413c991ecd6e3adf6a7
19:26:58 [0m[34m[INFO] [0msk: 0x2943c0ab9361f6b4a358ce94ea5f3083fa88f1ac1bf70c08193d009bbfb8fbc9
19:26:58 [0m[34m[INFO] [0msn: 0x37956894885eec74ca76ad83df359522a9ca6d7084f2a5d916d90e6f925d4dd3
19:26:58 [0m[34m[INFO] [0mreceive_proposal(): Leader proof verified successfully!
19:26:58 [0m[34m[INFO] [0mproposed slot: 938825
19:26:58 [0m[34m[INFO] [0mblock length: 1
19:26:58 [0m[34m[INFO] [0moffset: 938824
19:26:58 [0m[34m[INFO] [0mconsensus: Block proposal saved successfully
19:26:58 [0m[34m[INFO] [0mconsensus: Proposal broadcasted successfully
19:26:58 [0m[34m[INFO] [0mconsensus: Waiting for finalization sync period (12 sec)
19:26:58 [0m[34m[INFO] [0mpk: 0x32f7e07fb8dff9d964c5a97516bdab3d535f22e9c1bd84f75f841ad49613713b
19:26:58 [0m[34m[INFO] [0mc1_cm x: 0x1df67c22c4c18c52ef4b7f2ae8570a9d7a5f12eed086762669953a148b9bcfd5
19:26:58 [0m[34m[INFO] [0mc1_cm y: 0x0df03b5e1605205589758d9a657d5c2d21cc0b5f8d9265cde6b9ba3b906103be
19:26:58 [0m[34m[INFO] [0mc2_cm x: 0x3f78c80c8423e073a73a342a512956f300a4e99e28d2d665f0fcdb3cf8c2eb20
19:26:58 [0m[34m[INFO] [0mc2_cm y: 0x16f85204c1e98905f46187912335d67f466270b0cdb2161b29ad08822ce38e5b
19:26:58 [0m[34m[INFO] [0mroot: 0x161b91cf8fdfe67819517bb7e16f1d0d12aa1c548c5cf52da1081a1bb8c6384e
19:26:58 [0m[34m[INFO] [0msk: 0x30d88145e82275ef8e6b3870feeb7c4e6a5528c6e6e3697e94b7f5643a131114
19:26:58 [0m[34m[INFO] [0msn: 0x036d6af05b5f4c70c4fe937ebcad0626992075bc865846510c094f59a7e8d274
19:26:58 [0m[34m[INFO] [0mreceive_proposal(): Leader proof verified successfully!
19:26:58 [0m[34m[INFO] [0mproposed slot: 938825
19:26:58 [0m[34m[INFO] [0mblock length: 1
19:26:58 [0m[34m[INFO] [0moffset: 938824
19:27:10 [0m[34m[INFO] [0mconsensus: No finalized blocks to broadcast
19:27:10 [0m[34m[INFO] [0mconsensus: Waiting for next slot (5 sec)
19:27:15 [0m[34m[INFO] [0mPID: P: -1 * 10 ^ 0 (prec: 76, rnd: Zero)
19:27:15 [0m[34m[INFO] [0mPID: I: -9 * 10 ^ 0 (prec: 76, rnd: Zero)
19:27:15 [0m[34m[INFO] [0mPID: D: -3 * 10 ^ -1 (prec: 76, rnd: Zero)
19:27:15 [0m[34m[INFO] [0mConsensus::win_prob_with_full_stake(): pid f: 0.1
19:27:15 [0m[34m[INFO] [0mConsensus::win_prob_with_full_stake(): clipped f: 0.1
19:27:15 [0m[34m[INFO] [0mconsensus::sigmas(): f: 0.5
19:27:15 [0m[34m[INFO] [0mconsensus::sigmas(): stake: 394306920
19:27:15 [0m[34m[INFO] [0mConsensus::is_leader(): slot: 6, coins len: 10
19:27:15 [0m[34m[INFO] [0mConsensus::is_leader(): y = 0x340ecd520d675743e4d686077629439e6b141e670360db032adb9b424d6cfc2e
19:27:15 [0m[34m[INFO] [0mConsensus::is_leader(): T = 0x2adc6951d65d1e6984184a422331a9d2161f3a0ee253a2ff204dc90d1c7d9621
19:27:15 [0m[34m[INFO] [0mconsensus: Node is not the slot lead
19:27:15 [0m[34m[INFO] [0mconsensus: Waiting for finalization sync period (15 sec)
19:27:19 [0m[34m[INFO] [0mpk: 0x044970495d3b6eed4b23c7b7cf1955790747e48c5b29b717da44624c4be09872
19:27:19 [0m[34m[INFO] [0mc1_cm x: 0x2c9be67b556b759ae33bc2937d3fe60419c761a708a475d17a58fcf9ce6e1216
19:27:19 [0m[34m[INFO] [0mc1_cm y: 0x26fd6e821784956f0e45d03c3d87d21e14b40558714fd12db07e369834a4e185
19:27:19 [0m[34m[INFO] [0mc2_cm x: 0x3c74771f45b4a17a28cc6299bff8841d0d4aa51c9d52b8366c1bc8589ac27fdd
19:27:19 [0m[34m[INFO] [0mc2_cm y: 0x1bf32e14321db3478a7d2014c53fe0194f0a7ecde4f6faee5734c8b0116bea6c
19:27:19 [0m[34m[INFO] [0mroot: 0x3e9ce28daa04d34d03553c4df4661352e76276a7c8d8b16cf26ac67587b04144
19:27:19 [0m[34m[INFO] [0msk: 0x1db29885d19f86c49771c91ddff926f55a6c4692ec49e4c649203b0566e49252
19:27:19 [0m[34m[INFO] [0msn: 0x29e5f39b1e88e035cf881e8823304d6f3ba938eeda755dce8e48afc59a44ed2a
19:27:19 [0m[34m[INFO] [0mreceive_proposal(): Leader proof verified successfully!
19:27:19 [0m[34m[INFO] [0mproposed slot: 938826
19:27:19 [0m[34m[INFO] [0mblock length: 1
19:27:19 [0m[34m[INFO] [0moffset: 938825
19:27:19 [0m[34m[INFO] [0mpk: 0x21edd21e6eb7486d5a9d000d99f18977d5db331f79fc525f3c9da834a682ab0c
19:27:19 [0m[34m[INFO] [0mc1_cm x: 0x3d0b566797ca49f2fcf9f6e27033438e76267239fdc25f655b4e8c9d0548db7a
19:27:19 [0m[34m[INFO] [0mc1_cm y: 0x17afb8529e31782f0be211857693433fd73832b9abc94d4249ab7c01549efec0
19:27:19 [0m[34m[INFO] [0mc2_cm x: 0x00bcd005cff7b9a6a0d5ba873a7957acf44c7d87cfa02921cb3450481d4ad62b
19:27:19 [0m[34m[INFO] [0mc2_cm y: 0x25facba5a0e5d1691aac50b31e554911c055ee680bd1ed0d7e7fd24012bc1c3e
19:27:19 [0m[34m[INFO] [0mroot: 0x3f11d226d713dd01b492ddf2d419418f363101d644e7b619f39fe1833972faed
19:27:19 [0m[34m[INFO] [0msk: 0x3ab71089089d26ebac0dd1783079e34836015df709cfebbd9ca238795081677b
19:27:19 [0m[34m[INFO] [0msn: 0x065c5a5c1211969c2ecc0d6dc7f9e3bd0e1faf920f87809332af1cd0de63bd68
19:27:19 [0m[34m[INFO] [0mreceive_proposal(): Leader proof verified successfully!
19:27:19 [0m[34m[INFO] [0mproposed slot: 938826
19:27:19 [0m[34m[INFO] [0mblock length: 1
19:27:19 [0m[34m[INFO] [0moffset: 938825
19:27:19 [0m[34m[INFO] [0mpk: 0x24ab349a925b063597e6098c48e47e9b7667d11a795c0c1850b543e2f05a94ac
19:27:19 [0m[34m[INFO] [0mc1_cm x: 0x2e2adbe5b25e634880fc57d85fa45f125fc0f44d1edb4d5a68e47059bd1e1b53
19:27:19 [0m[34m[INFO] [0mc1_cm y: 0x37e9a22b6bd87b38f95997b02c2a89a27a8efc8f3b98fe97d69c50dd0895f585
19:27:19 [0m[34m[INFO] [0mc2_cm x: 0x2092a06d30a6635cf3c48ca15e873b535b154afa0e00e313395083471771a4cc
19:27:19 [0m[34m[INFO] [0mc2_cm y: 0x31b86d89f47d92367ff64dede66ee27e9e98d287ff080a7f2fca56889f6bfd53
19:27:19 [0m[34m[INFO] [0mroot: 0x37b1a38e71141deee55d790c963f2f098d7c576089357ae706781f288499841d
19:27:19 [0m[34m[INFO] [0msk: 0x0c750d6537db56a544614e28b2dded192087ddca99fb342c31bb74654c46ba4f
19:27:19 [0m[34m[INFO] [0msn: 0x0f39c2c37150025aeb2279c398694c96f8f7f57ce1eccc5871e65186ef0ddc2c
19:27:19 [0m[34m[INFO] [0mreceive_proposal(): Leader proof verified successfully!
19:27:19 [0m[34m[INFO] [0mproposed slot: 938826
19:27:19 [0m[34m[INFO] [0mblock length: 1
19:27:19 [0m[34m[INFO] [0moffset: 938825
19:27:30 [0m[34m[INFO] [0mconsensus: No finalized blocks to broadcast
19:27:30 [0m[34m[INFO] [0mconsensus: Waiting for next slot (5 sec)
19:27:35 [0m[34m[INFO] [0mPID: P: -2 * 10 ^ 0 (prec: 76, rnd: Zero)
19:27:35 [0m[34m[INFO] [0mPID: I: -11 * 10 ^ 0 (prec: 76, rnd: Zero)
19:27:35 [0m[34m[INFO] [0mPID: D: 3 * 10 ^ -1 (prec: 76, rnd: Zero)
19:27:35 [0m[34m[INFO] [0mConsensus::win_prob_with_full_stake(): pid f: 0.4
19:27:35 [0m[34m[INFO] [0mConsensus::win_prob_with_full_stake(): clipped f: 0.4
19:27:35 [0m[34m[INFO] [0mconsensus::sigmas(): f: 0.5
19:27:35 [0m[34m[INFO] [0mconsensus::sigmas(): stake: 394307340
19:27:35 [0m[34m[INFO] [0mConsensus::is_leader(): slot: 7, coins len: 10
19:27:35 [0m[34m[INFO] [0mConsensus::is_leader(): y = 0x087bc9345418e8d0eba7851bfe9ba652b2d80b30de229a55d65f15ad94d726de
19:27:35 [0m[34m[INFO] [0mConsensus::is_leader(): T = 0x2adc6b7c4fe4550efee59114abf1de35a0297d51b10ef6dd280dd5cd57708c29
19:27:35 [0m[34m[INFO] [0mpk:- 0x1e787f0ba3a17f868633e8cb09bd59e87b81086fde45ef5e77c62317c9b2923b
19:27:35 [0m[34m[INFO] [0mc1_cm x:- 0x110060d63d9e60edddece5457a7fd03cd3f172b7cd83bf20388bcdd50620d7a3
19:27:35 [0m[34m[INFO] [0mc1_cm y:- 0x13f19a95839ea7a078f2528d380fe7e640f7f2478c6629975ea1fa1b81c576e3
19:27:35 [0m[34m[INFO] [0mc2_cm x:- 0x0868818529d85fe08528ef34c56aa0b1851e888640519e92a1ce371201b2ed64
19:27:35 [0m[34m[INFO] [0mc2_cm y:- 0x37b7b97c02fb7efa429e5b2d39d4ace87395b77f289b5ac0606968e6412508af
19:27:35 [0m[34m[INFO] [0mroot:- 0x1c71be2fba6afa2c968a52a3806c0d9c942800382df413dfab60804c5dd11394
19:27:35 [0m[34m[INFO] [0msk:- 0x06ab69ecc30dc5b57a69125e48c8867d2a0cf30a60567ab7a5c8a3767f033db0
19:27:35 [0m[34m[INFO] [0msn:- 0x0d36905c88c266a74a8c5f0884bffed8d29de9a7f4b7abfd49ae95a0a494db33
19:27:39 [0m[34m[INFO] [0mpk:- 0x1e787f0ba3a17f868633e8cb09bd59e87b81086fde45ef5e77c62317c9b2923b
19:27:39 [0m[34m[INFO] [0mc1_cm x:- 0x110060d63d9e60edddece5457a7fd03cd3f172b7cd83bf20388bcdd50620d7a3
19:27:39 [0m[34m[INFO] [0mc1_cm y:- 0x13f19a95839ea7a078f2528d380fe7e640f7f2478c6629975ea1fa1b81c576e3
19:27:39 [0m[34m[INFO] [0mc2_cm x:- 0x0868818529d85fe08528ef34c56aa0b1851e888640519e92a1ce371201b2ed64
19:27:39 [0m[34m[INFO] [0mc2_cm y:- 0x37b7b97c02fb7efa429e5b2d39d4ace87395b77f289b5ac0606968e6412508af
19:27:39 [0m[34m[INFO] [0mroot:- 0x1c71be2fba6afa2c968a52a3806c0d9c942800382df413dfab60804c5dd11394
19:27:39 [0m[34m[INFO] [0msk:- 0x06ab69ecc30dc5b57a69125e48c8867d2a0cf30a60567ab7a5c8a3767f033db0
19:27:39 [0m[34m[INFO] [0msn:- 0x0d36905c88c266a74a8c5f0884bffed8d29de9a7f4b7abfd49ae95a0a494db33
19:27:39 [0m[34m[INFO] [0mLeadCoin::derive_coin()
19:27:39 [0m[34m[INFO] [0mconsensus: Node is the slot leader: Proposed block: BlockProposal { leader public key: 8tAcJswmjUbhCQRfiqeNPRP6R7aoDKmyxKcGHR59bGoq, hash: f1c357fdead5f67af1bf8ddad38490346fdff007d64fdc2ae4b36e58529a406a, header: 702e0fa23783e3e59f4b0f3af6c0d299f2eea5b1b76122f9d893486608451098, epoch: 93882, slot: 938827, txs: 0 }
19:27:39 [0m[34m[INFO] [0mpk: 0x0fe4a7a8eaf506d812add10d1de672e6eeb1a74598cbc37c08e2b4e5cc65c1a4
19:27:39 [0m[34m[INFO] [0mc1_cm x: 0x181b8d9b626b395bf17fc7040f6a7aead847bdcc426fb4e56d410a3429a557fd
19:27:39 [0m[34m[INFO] [0mc1_cm y: 0x34259b5f8abeaea1c99b00763d0a5a0d12a466c37402d0fb392d2117242fd4a4
19:27:39 [0m[34m[INFO] [0mc2_cm x: 0x10f64c141dafac1b3b141ce0911307d89666c7040bec82339797ecc7b4ee5761
19:27:39 [0m[34m[INFO] [0mc2_cm y: 0x155d7975992338a8642acabdb9fa24853bdaf28a7fffa1cb1131f2bc555e2ecf
19:27:39 [0m[34m[INFO] [0mroot: 0x218d27add0bc42cd9b4b520c989c95dcd7b510bce3e60dd2faabc38e99e259c3
19:27:39 [0m[34m[INFO] [0msk: 0x2dc7c0615cb7f23337f8484884553e137c335ca5ff338bab87090a005ed8615b
19:27:39 [0m[34m[INFO] [0msn: 0x0ff5a7ce0fa44b6f6f58c23208c5af8a46ed1d6b98e74f8c5a6fb3d3d38b1bb0
19:27:39 [0m[34m[INFO] [0mreceive_proposal(): Leader proof verified successfully!
19:27:39 [0m[34m[INFO] [0mproposed slot: 938827
19:27:39 [0m[34m[INFO] [0mblock length: 1
19:27:39 [0m[34m[INFO] [0moffset: 938826
19:27:39 [0m[34m[INFO] [0mpk: 0x1e787f0ba3a17f868633e8cb09bd59e87b81086fde45ef5e77c62317c9b2923b
19:27:39 [0m[34m[INFO] [0mc1_cm x: 0x110060d63d9e60edddece5457a7fd03cd3f172b7cd83bf20388bcdd50620d7a3
19:27:39 [0m[34m[INFO] [0mc1_cm y: 0x13f19a95839ea7a078f2528d380fe7e640f7f2478c6629975ea1fa1b81c576e3
19:27:39 [0m[34m[INFO] [0mc2_cm x: 0x0868818529d85fe08528ef34c56aa0b1851e888640519e92a1ce371201b2ed64
19:27:39 [0m[34m[INFO] [0mc2_cm y: 0x37b7b97c02fb7efa429e5b2d39d4ace87395b77f289b5ac0606968e6412508af
19:27:39 [0m[34m[INFO] [0mroot: 0x1c71be2fba6afa2c968a52a3806c0d9c942800382df413dfab60804c5dd11394
19:27:39 [0m[34m[INFO] [0msk: 0x06ab69ecc30dc5b57a69125e48c8867d2a0cf30a60567ab7a5c8a3767f033db0
19:27:39 [0m[34m[INFO] [0msn: 0x0d36905c88c266a74a8c5f0884bffed8d29de9a7f4b7abfd49ae95a0a494db33
19:27:39 [0m[34m[INFO] [0mreceive_proposal(): Leader proof verified successfully!
19:27:39 [0m[34m[INFO] [0mproposed slot: 938827
19:27:39 [0m[34m[INFO] [0mblock length: 1
19:27:39 [0m[34m[INFO] [0moffset: 938826
19:27:39 [0m[34m[INFO] [0mconsensus: Block proposal saved successfully
19:27:39 [0m[34m[INFO] [0mconsensus: Proposal broadcasted successfully
19:27:39 [0m[34m[INFO] [0mconsensus: Waiting for finalization sync period (11 sec)
19:27:39 [0m[34m[INFO] [0mpk: 0x16356956962bb50336d6f67267dd203eb1cc44a084935aa13c781f4ada180f95
19:27:39 [0m[34m[INFO] [0mc1_cm x: 0x026acb3645ea98f2bcc42061048274956fcc4f76f5410397fa2efa8415f5464a
19:27:39 [0m[34m[INFO] [0mc1_cm y: 0x111e93e3d9bef37df761ff5ddda0515ef7501c72da55cc1bb6d52c66336bc45d
19:27:39 [0m[34m[INFO] [0mc2_cm x: 0x3f318233bb207a8ec161718e012f30ec861dab6cdc78d0878b9c4b384b087313
19:27:39 [0m[34m[INFO] [0mc2_cm y: 0x22efd9bca9c50a1d310c826ca17cb787afcad28e4bb96ec46b37249e332268f2
19:27:39 [0m[34m[INFO] [0mroot: 0x2562c33b12c3563207a619f71251195a6409669d3724a880828ca95caa9fd505
19:27:39 [0m[34m[INFO] [0msk: 0x013d7342e485e58263ba9e33982ab3e02a6d4c7f40adb169f6fa838c9733328f
19:27:39 [0m[34m[INFO] [0msn: 0x0e1e12b1201d58c4d57a696245eee5496c8b1e7efd794319c02e6a1440049c49
19:27:39 [0m[34m[INFO] [0mreceive_proposal(): Leader proof verified successfully!
19:27:39 [0m[34m[INFO] [0mproposed slot: 938827
19:27:39 [0m[34m[INFO] [0mblock length: 1
19:27:39 [0m[34m[INFO] [0moffset: 938826
19:27:50 [0m[34m[INFO] [0mconsensus: No finalized blocks to broadcast
19:27:50 [0m[34m[INFO] [0mconsensus: Waiting for next slot (5 sec)
19:27:55 [0m[34m[INFO] [0mPID: P: -2 * 10 ^ 0 (prec: 76, rnd: Zero)
19:27:55 [0m[34m[INFO] [0mPID: I: -14 * 10 ^ 0 (prec: 76, rnd: Zero)
19:27:55 [0m[34m[INFO] [0mPID: D: 0 * 10 ^ 0 (prec: 76, rnd: Zero)
19:27:55 [0m[34m[INFO] [0mConsensus::win_prob_with_full_stake(): pid f: 0.4
19:27:55 [0m[34m[INFO] [0mConsensus::win_prob_with_full_stake(): clipped f: 0.4
19:27:55 [0m[34m[INFO] [0mconsensus::sigmas(): f: 0.5
19:27:55 [0m[34m[INFO] [0mconsensus::sigmas(): stake: 394307760
19:27:55 [0m[34m[INFO] [0mConsensus::is_leader(): slot: 8, coins len: 10
19:27:55 [0m[34m[INFO] [0mConsensus::is_leader(): y = 0x373079148366e16ae0f73c8458719288b96469054b8667fb7db076a47575ec51
19:27:55 [0m[34m[INFO] [0mConsensus::is_leader(): T = 0x2adc6da6c905768a0e9932057aead7b4b5d068153293637be9f7df2e6c7d6eac
19:27:55 [0m[34m[INFO] [0mconsensus: Node is not the slot lead
19:27:55 [0m[34m[INFO] [0mconsensus: Waiting for finalization sync period (15 sec)
19:28:10 [0m[34m[INFO] [0mconsensus: No finalized blocks to broadcast
19:28:10 [0m[34m[INFO] [0mconsensus: Waiting for next slot (5 sec)
19:28:15 [0m[34m[INFO] [0mPID: P: 1 * 10 ^ 0 (prec: 76, rnd: Zero)
19:28:15 [0m[34m[INFO] [0mPID: I: -14 * 10 ^ 0 (prec: 76, rnd: Zero)
19:28:15 [0m[34m[INFO] [0mPID: D: 0 * 10 ^ 0 (prec: 76, rnd: Zero)
19:28:15 [0m[34m[INFO] [0mConsensus::win_prob_with_full_stake(): pid f: 1.9
19:28:15 [0m[34m[INFO] [0mConsensus::win_prob_with_full_stake(): clipped f: 0.95
19:28:15 [0m[34m[INFO] [0mconsensus::sigmas(): f: 0.5
19:28:15 [0m[34m[INFO] [0mconsensus::sigmas(): stake: 394307760
19:28:15 [0m[34m[INFO] [0mConsensus::is_leader(): slot: 9, coins len: 10
19:28:15 [0m[34m[INFO] [0mConsensus::is_leader(): y = 0x3547c704bda668d566c6fb812772953db2d114d2f90e9d381934634e68b496b5
19:28:15 [0m[34m[INFO] [0mConsensus::is_leader(): T = 0x2adc6da6c905768a0e9932057aead7b4b5d068153293637be9f7df2e6c7d6eac
19:28:15 [0m[34m[INFO] [0mconsensus: Node is not the slot lead
19:28:15 [0m[34m[INFO] [0mconsensus: Waiting for finalization sync period (15 sec)
19:28:17 [0m[34m[INFO] [0mpk: 0x302475575add8ff66297d24a4659df6040fdc4547c5afd8061a004327b0e076f
19:28:17 [0m[34m[INFO] [0mc1_cm x: 0x1d57ac21fb9796bbc7f3885d511f593ce2dc439183bd756b238cccda54125d7a
19:28:17 [0m[34m[INFO] [0mc1_cm y: 0x07a49337b003f0741983dfa248d170def82e44b7d154b4eb871015e86f9b081c
19:28:17 [0m[34m[INFO] [0mc2_cm x: 0x2589eaef039d76059c670fac09fe38dff149696388a1230fa8edfb2146216c81
19:28:17 [0m[34m[INFO] [0mc2_cm y: 0x0332f911e857b10f4391ab48ad70bb6d573fe67f0bd61d234c25b65833d757c9
19:28:17 [0m[34m[INFO] [0mroot: 0x1a9b75541ccd359f38a6b0f163e4fc4e6d534ed385501e116b738699c1a50f16
19:28:17 [0m[34m[INFO] [0msk: 0x125d2f051bb022572a4fdf33e1455a3b51906d133f82d7f0e219c2a850af9364
19:28:17 [0m[34m[INFO] [0msn: 0x133ae905dfd49f3e3be9e1b4a24f352c9c6cbebb3cd3127529de044fa3bfc2a2
19:28:17 [0m[34m[INFO] [0mreceive_proposal(): Leader proof verified successfully!
19:28:17 [0m[34m[INFO] [0mproposed slot: 938829
19:28:17 [0m[34m[INFO] [0mblock length: 1
19:28:17 [0m[34m[INFO] [0moffset: 938828
19:28:30 [0m[34m[INFO] [0mconsensus: Adding 8 finalized block to canonical chain.
19:28:30 [0m[34m[INFO] [0mconsensus: Sending notification about finalized block
19:28:30 [0m[34m[INFO] [0mconsensus: Sending notification about finalized block
19:28:30 [0m[34m[INFO] [0mconsensus: Sending notification about finalized block
19:28:30 [0m[34m[INFO] [0mconsensus: Sending notification about finalized block
19:28:30 [0m[34m[INFO] [0mconsensus: Sending notification about finalized block
19:28:30 [0m[34m[INFO] [0mconsensus: Sending notification about finalized block
19:28:30 [0m[34m[INFO] [0mconsensus: Sending notification about finalized block
19:28:31 [0m[34m[INFO] [0mconsensus: Sending notification about finalized block
19:28:31 [0m[34m[INFO] [0mconsensus: Broadcasting finalized blocks
19:28:31 [0m[34m[INFO] [0mconsensus: Broadcasted block
19:28:31 [0m[34m[INFO] [0mconsensus: Broadcasted block
19:28:31 [0m[34m[INFO] [0mconsensus: Broadcasted block
19:28:31 [0m[34m[INFO] [0mconsensus: Broadcasted block
19:28:31 [0m[34m[INFO] [0mconsensus: Broadcasted block
19:28:31 [0m[34m[INFO] [0mconsensus: Broadcasted block
19:28:31 [0m[34m[INFO] [0mconsensus: Broadcasted block
19:28:31 [0m[34m[INFO] [0mconsensus: Broadcasted block
19:28:31 [0m[34m[INFO] [0mconsensus: Waiting for next slot (4 sec)
19:28:35 [0m[34m[INFO] [0mPID: P: 0 * 10 ^ 0 (prec: 76, rnd: Zero)
19:28:35 [0m[34m[INFO] [0mPID: I: 1 * 10 ^ 0 (prec: 76, rnd: Zero)
19:28:35 [0m[34m[INFO] [0mPID: D: 3 * 10 ^ -1 (prec: 76, rnd: Zero)
19:28:35 [0m[34m[INFO] [0mConsensus::win_prob_with_full_stake(): pid f: 0.2
19:28:35 [0m[34m[INFO] [0mConsensus::win_prob_with_full_stake(): clipped f: 0.2
19:28:35 [0m[34m[INFO] [0mconsensus::sigmas(): f: 0.5
19:28:35 [0m[34m[INFO] [0mconsensus::sigmas(): stake: 394308180
19:28:35 [0m[34m[INFO] [0mconsensus: New epoch started: 93883
19:28:35 [0m[34m[INFO] [0mConsensus::is_leader(): slot: 0, coins len: 10
19:28:35 [0m[34m[INFO] [0mConsensus::is_leader(): y = 0x33f379210ea7a6fc9f6d3fafa049c49aeec9179d0573e9ae6a21aaf6a7dbd831
19:28:35 [0m[34m[INFO] [0mConsensus::is_leader(): T = 0x3c564292342a686f6cb005c6c2f9635c22fa267d534e29b231310c177f34a3a4
19:28:35 [0m[34m[INFO] [0mpk:- 0x30f419c750a695ca2b9af032f997450764d2f4ceefdc671194200f143cf876b6
19:28:35 [0m[34m[INFO] [0mc1_cm x:- 0x2a29633c5ac87be5b1aca67383a85ea9ee235fe477eec285a9ccef1603d6a6b5
19:28:35 [0m[34m[INFO] [0mc1_cm y:- 0x37c10fbefbdf00e3a2b5de1365e189eaf063621b0fe88e9813c0b3f7eee06a39
19:28:35 [0m[34m[INFO] [0mc2_cm x:- 0x002e5bf440df82d4a23f15a1e8ee42697c09954852e055f4a94ffdd09e2edadb
19:28:35 [0m[34m[INFO] [0mc2_cm y:- 0x01951044aae82092a41d71f8754d30a393a87fe10b45c786ae4c229dd826ff81
19:28:35 [0m[34m[INFO] [0mroot:- 0x1c16be88a4fd72c3cef89f7792b25c233e3138f5f0ab8ebc667a3d9a2cc86484
19:28:35 [0m[34m[INFO] [0msk:- 0x3d793ea1781c46dc92ee00d568eed62de9a18b8dd601c5e380d2cea2083a5352
19:28:35 [0m[34m[INFO] [0msn:- 0x3baf839f932b69849f27bc8edba536cda5a2393e8ead9d36a57ab671615ecb98
19:28:39 [0m[34m[INFO] [0mpk:- 0x30f419c750a695ca2b9af032f997450764d2f4ceefdc671194200f143cf876b6
19:28:39 [0m[34m[INFO] [0mc1_cm x:- 0x2a29633c5ac87be5b1aca67383a85ea9ee235fe477eec285a9ccef1603d6a6b5
19:28:39 [0m[34m[INFO] [0mc1_cm y:- 0x37c10fbefbdf00e3a2b5de1365e189eaf063621b0fe88e9813c0b3f7eee06a39
19:28:39 [0m[34m[INFO] [0mc2_cm x:- 0x002e5bf440df82d4a23f15a1e8ee42697c09954852e055f4a94ffdd09e2edadb
19:28:39 [0m[34m[INFO] [0mc2_cm y:- 0x01951044aae82092a41d71f8754d30a393a87fe10b45c786ae4c229dd826ff81
19:28:39 [0m[34m[INFO] [0mroot:- 0x1c16be88a4fd72c3cef89f7792b25c233e3138f5f0ab8ebc667a3d9a2cc86484
19:28:39 [0m[34m[INFO] [0msk:- 0x3d793ea1781c46dc92ee00d568eed62de9a18b8dd601c5e380d2cea2083a5352
19:28:39 [0m[34m[INFO] [0msn:- 0x3baf839f932b69849f27bc8edba536cda5a2393e8ead9d36a57ab671615ecb98
19:28:39 [0m[34m[INFO] [0mLeadCoin::derive_coin()
19:28:39 [0m[34m[INFO] [0mconsensus: Node is the slot leader: Proposed block: BlockProposal { leader public key: 88stPENYjgFHE6Z8XCaxpK5PqxhFwmW2J4FbDRscM4C8, hash: 44eb63ff8e63c0fdf6c1bdff0b1e55b44a1af20b1c979984f1596eaa02f1427c, header: df1b4e6746dd47ea2870b222910e15f403296efc72974f6126e0f48431c95ea5, epoch: 93883, slot: 938830, txs: 0 }
19:28:39 [0m[34m[INFO] [0mpk: 0x30f419c750a695ca2b9af032f997450764d2f4ceefdc671194200f143cf876b6
19:28:39 [0m[34m[INFO] [0mc1_cm x: 0x2a29633c5ac87be5b1aca67383a85ea9ee235fe477eec285a9ccef1603d6a6b5
19:28:39 [0m[34m[INFO] [0mc1_cm y: 0x37c10fbefbdf00e3a2b5de1365e189eaf063621b0fe88e9813c0b3f7eee06a39
19:28:39 [0m[34m[INFO] [0mc2_cm x: 0x002e5bf440df82d4a23f15a1e8ee42697c09954852e055f4a94ffdd09e2edadb
19:28:39 [0m[34m[INFO] [0mc2_cm y: 0x01951044aae82092a41d71f8754d30a393a87fe10b45c786ae4c229dd826ff81
19:28:39 [0m[34m[INFO] [0mroot: 0x1c16be88a4fd72c3cef89f7792b25c233e3138f5f0ab8ebc667a3d9a2cc86484
19:28:39 [0m[34m[INFO] [0msk: 0x3d793ea1781c46dc92ee00d568eed62de9a18b8dd601c5e380d2cea2083a5352
19:28:39 [0m[34m[INFO] [0msn: 0x3baf839f932b69849f27bc8edba536cda5a2393e8ead9d36a57ab671615ecb98
19:28:39 [0m[31m[ERROR] [0mVerification of consensus lead proof failed: The constraint system is not satisfied
19:28:39 [0m[31m[ERROR] [0mreceive_proposal(): Error during leader proof verification: halo2 plonk error: The constraint system is not satisfied
19:28:39 [0m[31m[ERROR] [0mconsensus: Block proposal save failed: Error during leader proof verification
19:28:39 [0m[34m[INFO] [0mconsensus: Waiting for finalization sync period (11 sec)
19:28:50 [0m[34m[INFO] [0mconsensus: No finalized blocks to broadcast
19:28:50 [0m[34m[INFO] [0mconsensus: Waiting for next slot (5 sec)
19:28:55 [0m[34m[INFO] [0mPID: P: 1 * 10 ^ 0 (prec: 76, rnd: Zero)
19:28:55 [0m[34m[INFO] [0mPID: I: 3 * 10 ^ 0 (prec: 76, rnd: Zero)
19:28:55 [0m[34m[INFO] [0mPID: D: 0 * 10 ^ 0 (prec: 76, rnd: Zero)
19:28:55 [0m[34m[INFO] [0mConsensus::win_prob_with_full_stake(): pid f: 0.2
19:28:55 [0m[34m[INFO] [0mConsensus::win_prob_with_full_stake(): clipped f: 0.2
19:28:55 [0m[34m[INFO] [0mconsensus::sigmas(): f: 0.5
19:28:55 [0m[34m[INFO] [0mconsensus::sigmas(): stake: 394308180
19:28:55 [0m[34m[INFO] [0mConsensus::is_leader(): slot: 1, coins len: 10
19:28:55 [0m[34m[INFO] [0mConsensus::is_leader(): y = 0x3999d0886cd3216f2249369d9815aafcea8c52aa16722748509497f1289be335
19:28:55 [0m[34m[INFO] [0mConsensus::is_leader(): T = 0x2adc6fd141c082f53e9c13c73c8231f75c13087e8a7ed059d7ff0423d98dc375
19:28:55 [0m[34m[INFO] [0mconsensus: Node is not the slot lead
19:28:55 [0m[34m[INFO] [0mconsensus: Waiting for finalization sync period (15 sec)
